<?xml version="1.0" encoding="UTF-8"?>
<beans xmlns="http://www.springframework.org/schema/beans"
	xmlns:xsi="http://www.w3.org/2001/XMLSchema-instance"
	xmlns:aop="http://www.springframework.org/schema/aop"
	xsi:schemaLocation="http://www.springframework.org/schema/beans http://www.springframework.org/schema/beans/spring-beans-3.0.xsd
		http://www.springframework.org/schema/aop http://www.springframework.org/schema/aop/spring-aop-3.0.xsd">
	
	<!-- 타깃 -->
	<bean id="userService" class="springbook.user.service.UserServiceImpl">
		<property name="userDao" ref="userDao"></property>
		<property name="mailSender" ref="mailSender"></property>
	</bean> 
	
	<!-- new :: 테스트용 UserService의 등록 -->
	<!-- cf) static 멤버 클래스는 $로 지정.(특정 테스트 클래스에서만 사용되는 클래스는 static 멤버 클래스로 정의하는 것이 편리) -->
	<!-- cf) parent 애트리뷰트를 사용하면 다른 빈 설정의 내용을 상속받을 수 있다.
		     parent="userService" 라고 하면 userService 빈의 모든 설정을 그대로 가져와서 사용하겠다는 뜻. 
		     즉 DI를 위한 프로퍼티 설정은 userService 빈의 프로퍼티를 그대로 상속받아, 별도로 userDao나 mailSender프로퍼티를 지정해줄 필요 없음. -->
	<bean id="testUserService" class="springbook.user.service.UserServiceTest$TestUserService" parent="userService" />
	
	<!-- 트랜잭션 어드바이스 빈 설정 -->
	<bean id="transactionAdvice" class="springbook.user.service.TransactionAdvice">
		<property name="transactionManager" ref="transactionManager"></property>
	</bean>
	
	<!-- :::::::::: old :::::::::: -->
	<!-- 포인트컷 표현식을 이용하는 AspectJExpressionPointcut 적용 -->
<!-- 	<bean id="transactionPointcut" class="org.springframework.aop.aspectj.AspectJExpressionPointcut">
		<property name="expression" value="execution(* *..*ServiceImpl.upgrade*(..))" />
	</bean> -->
	
	<!-- 어드바이스와 포인트컷을 담을 어드바이저 빈 설정-->
<!-- 	<bean id="tansactionAdvisor" class="org.springframework.aop.support.DefaultPointcutAdvisor">
		<property name="advice" ref="transactionAdvice"/>
		<property name="pointcut" ref="transactionPointcut"></property>
	</bean> -->
	
	<!-- 어드바이저를 이용하는 자동 프록시 생성기 등록 -->
	<!-- 스프링이 제공하는 빈 후처리기 중의 하나인 DefaultAdvisorAutoProxyCreator 
	(스프링은 빈 후처리기가 빈으로 등록되어 있으면 빈 오브젝트가 생성될 때마다 빈 후처리기에 보내서 후처리 작업을 요청) -->
	<!-- 자동 프록시 생성기인 DefaultAdvisorAutoProxyCreator는 등록된 빈 중에서 Advisor인터페이스를 구현한 것을 모두 찾는다.
	     그리고 생성되는 모든 빈에 대해 어드바이저의 포인트 컷을 적용해보면서 프록시 적용 대상을 선정.
	     빈 클래스가 프록시 선정 대상이라면 프록시를 만들어 원래 빈 오브젝트와 바꿔치기. -->
<!-- 	<bean class="org.springframework.aop.framework.autoproxy.DefaultAdvisorAutoProxyCreator" /> -->
	<!-- :::::::::: old :::::::::: -->
	
	<!-- new :: aop 네임스페이스를 적용한 AOP 설정 빈  -->
	<!-- case1. -->
	<aop:config> 	<!-- AOP설정을 담는 부모 태그. 필요에 따라 AspectJAdvisorAutoProxyCreator를 빈으로 등록해줌 -->
		<aop:pointcut id="transactionPointcut" expression="execution(* *..*ServiceImpl.upgrade*(..))" /> <!-- AspectJExpressionPointcut을 빈으로 등록해줌 -->
		<aop:advisor advice-ref="transactionAdvice" pointcut-ref="transactionPointcut"/> <!-- DefaultBeanFactoryPointcutAdvisor를 등록해줌-->
	</aop:config>
	
	<!-- case2. 포인트컷을 내장한 advisor 태그-->
	<!-- but, 하나의 포인트컷을 여러 개의 어드바이저에서 공유하려고 하는 경우에는 위와 같이 포인트컷을 독립적인 <aop:pointcut> 태그로 등록. -->
<!-- 	<aop:config> 	
		<aop:advisor advice-ref="transactionAdvice" pointcut="execution(* *..*ServiceImpl.upgrade*(..))"/>
	</aop:config> -->
	
	
	<bean id="transactionManager" class="org.springframework.jdbc.datasource.DataSourceTransactionManager">
		<!-- DataSourceTransactionManager는 dataSource 빈으로부터 Connection을 가져와 트랜잭션 처리를 해야하므로 dataSource프로퍼티를 갖는다. -->
		<property name="dataSource" ref="dataSource"></property>
	</bean>
	
	<bean id="userDao" class="springbook.user.dao.UserDaoJdbc">
		<property name="dataSource" ref="dataSource"/>
	</bean>

	<bean id="dataSource" class="org.springframework.jdbc.datasource.SimpleDriverDataSource">
		<!-- driverClass는 String타입이 아니라 java.lang.Class타입. 
		스프링이 프로퍼티 값을, 수정자(set)메소드의 파라미터 타입을 참고로 해서 적절한 형태로 변환해 준다.-->
		<property name="driverClass" value="com.mysql.jdbc.Driver"/>
		<property name="url" value="jdbc:mysql://localhost:3306/testdb?characterEncoding=UTF-8"/>
		<property name="username" value="root"/>
		<property name="password" value="1234"/>
	</bean>
	
	<!-- 테스트용 MailSender 구현 클래스로 변경 -->
	<bean id="mailSender" class="springbook.user.service.DummyMailSender"/>
	
</beans>